[2017-07-15 03:37:44] main.DEBUG: cache_invalidate:  {"method":"GET","url":"http://localhost:8080/homemall/","invalidateInfo":{"tags":["interception","CONFIG"],"mode":"matchingTag"},"is_exception":false} []
[2017-07-15 04:13:25] main.DEBUG: cache_invalidate:  {"method":"POST","url":"http://localhost:8080/homemall/admin/admin/index/index/key/42422f2dd1694137859e6da64d93f5f28b4443d3d086e7b5dcaa35ba1ecf7a96/","invalidateInfo":{"tags":["BACKEND_MAINMENU"],"mode":"matchingAnyTag"},"is_exception":false} []
[2017-07-15 04:27:18] main.DEBUG: cache_invalidate:  {"method":"POST","url":"http://localhost:8080/homemall/admin/admin/cache/massRefresh/key/ef5df82632e21a550ed8e3dc92b0c7777a83ae1cbd74f202647ba137425fb835/","invalidateInfo":{"tags":["CONFIG"],"mode":"matchingTag"},"is_exception":false} []
[2017-07-15 04:27:18] main.DEBUG: cache_invalidate:  {"method":"POST","url":"http://localhost:8080/homemall/admin/admin/cache/massRefresh/key/ef5df82632e21a550ed8e3dc92b0c7777a83ae1cbd74f202647ba137425fb835/","invalidateInfo":{"tags":["LAYOUT_GENERAL_CACHE_TAG"],"mode":"matchingTag"},"is_exception":false} []
[2017-07-15 04:27:18] main.DEBUG: cache_invalidate:  {"method":"POST","url":"http://localhost:8080/homemall/admin/admin/cache/massRefresh/key/ef5df82632e21a550ed8e3dc92b0c7777a83ae1cbd74f202647ba137425fb835/","invalidateInfo":{"tags":["BLOCK_HTML"],"mode":"matchingTag"},"is_exception":false} []
[2017-07-15 04:27:18] main.DEBUG: cache_invalidate:  {"method":"POST","url":"http://localhost:8080/homemall/admin/admin/cache/massRefresh/key/ef5df82632e21a550ed8e3dc92b0c7777a83ae1cbd74f202647ba137425fb835/","invalidateInfo":{"tags":["COLLECTION_DATA"],"mode":"matchingTag"},"is_exception":false} []
[2017-07-15 04:27:18] main.DEBUG: cache_invalidate:  {"method":"POST","url":"http://localhost:8080/homemall/admin/admin/cache/massRefresh/key/ef5df82632e21a550ed8e3dc92b0c7777a83ae1cbd74f202647ba137425fb835/","invalidateInfo":{"tags":["REFLECTION"],"mode":"matchingTag"},"is_exception":false} []
[2017-07-15 04:27:18] main.DEBUG: cache_invalidate:  {"method":"POST","url":"http://localhost:8080/homemall/admin/admin/cache/massRefresh/key/ef5df82632e21a550ed8e3dc92b0c7777a83ae1cbd74f202647ba137425fb835/","invalidateInfo":{"tags":["DB_DDL"],"mode":"matchingTag"},"is_exception":false} []
[2017-07-15 04:27:18] main.DEBUG: cache_invalidate:  {"method":"POST","url":"http://localhost:8080/homemall/admin/admin/cache/massRefresh/key/ef5df82632e21a550ed8e3dc92b0c7777a83ae1cbd74f202647ba137425fb835/","invalidateInfo":{"tags":["EAV"],"mode":"matchingTag"},"is_exception":false} []
[2017-07-15 04:27:18] main.DEBUG: cache_invalidate:  {"method":"POST","url":"http://localhost:8080/homemall/admin/admin/cache/massRefresh/key/ef5df82632e21a550ed8e3dc92b0c7777a83ae1cbd74f202647ba137425fb835/","invalidateInfo":{"tags":["CUSTOMER_NOTIFICATION"],"mode":"matchingTag"},"is_exception":false} []
[2017-07-15 04:27:18] main.DEBUG: cache_invalidate:  {"method":"POST","url":"http://localhost:8080/homemall/admin/admin/cache/massRefresh/key/ef5df82632e21a550ed8e3dc92b0c7777a83ae1cbd74f202647ba137425fb835/","invalidateInfo":{"tags":["FPC"],"mode":"matchingTag"},"is_exception":false} []
[2017-07-15 04:27:18] main.DEBUG: cache_invalidate:  {"method":"POST","url":"http://localhost:8080/homemall/admin/admin/cache/massRefresh/key/ef5df82632e21a550ed8e3dc92b0c7777a83ae1cbd74f202647ba137425fb835/","invalidateInfo":{"tags":["INTEGRATION"],"mode":"matchingTag"},"is_exception":false} []
[2017-07-15 04:27:18] main.DEBUG: cache_invalidate:  {"method":"POST","url":"http://localhost:8080/homemall/admin/admin/cache/massRefresh/key/ef5df82632e21a550ed8e3dc92b0c7777a83ae1cbd74f202647ba137425fb835/","invalidateInfo":{"tags":["INTEGRATION_API_CONFIG"],"mode":"matchingTag"},"is_exception":false} []
[2017-07-15 04:27:18] main.DEBUG: cache_invalidate:  {"method":"POST","url":"http://localhost:8080/homemall/admin/admin/cache/massRefresh/key/ef5df82632e21a550ed8e3dc92b0c7777a83ae1cbd74f202647ba137425fb835/","invalidateInfo":{"tags":["TRANSLATE"],"mode":"matchingTag"},"is_exception":false} []
[2017-07-15 04:27:18] main.DEBUG: cache_invalidate:  {"method":"POST","url":"http://localhost:8080/homemall/admin/admin/cache/massRefresh/key/ef5df82632e21a550ed8e3dc92b0c7777a83ae1cbd74f202647ba137425fb835/","invalidateInfo":{"tags":["WEBSERVICE"],"mode":"matchingTag"},"is_exception":false} []
[2017-07-15 04:27:21] main.DEBUG: cache_invalidate:  {"method":"GET","url":"http://localhost:8080/homemall/admin/admin/cache/index/key/9933083070698e0a2ff6002f51c763127e4e5febe0119980e39e36ece6a1f700/","invalidateInfo":{"tags":["interception","CONFIG"],"mode":"matchingTag"},"is_exception":false} []
[2017-07-15 04:43:44] main.DEBUG: cache_invalidate:  {"method":"POST","url":"http://localhost:8080/homemall/admin/admin/index/index/key/9dc610ca0c8c92ed26d3f056e6060766a1685b2c7d03bcc124341a5614d5a695/","invalidateInfo":{"tags":["BACKEND_MAINMENU"],"mode":"matchingAnyTag"},"is_exception":false} []
[2017-07-16 01:06:27] main.DEBUG: cache_invalidate:  {"method":"POST","url":"http://localhost:8080/homemall/admin/admin/index/index/key/d0e512bf93be5b5b297dadb3502903b991868596951464e757e0cdde0afd0bad/","invalidateInfo":{"tags":["BACKEND_MAINMENU"],"mode":"matchingAnyTag"},"is_exception":false} []
[2017-07-16 01:29:53] main.DEBUG: cache_invalidate:  {"method":"POST","url":"http://localhost:8080/homemall/admin/theme/design_config/save/key/14d7f2eb9c8df909dfcc47a10a55423338d0d774d262e21eb73eb39fbb2e7fda/","invalidateInfo":{"tags":["config_scopes","CONFIG"],"mode":"matchingTag"},"is_exception":false} []
[2017-07-16 01:29:53] main.DEBUG: cache_invalidate:  {"method":"POST","url":"http://localhost:8080/homemall/admin/theme/design_config/save/key/14d7f2eb9c8df909dfcc47a10a55423338d0d774d262e21eb73eb39fbb2e7fda/","invalidateInfo":{"tags":["config_scopes","CONFIG"],"mode":"matchingTag"},"is_exception":false} []
[2017-07-16 01:29:56] main.DEBUG: cache_invalidate:  {"method":"POST","url":"http://localhost:8080/homemall/admin/theme/design_config/save/key/14d7f2eb9c8df909dfcc47a10a55423338d0d774d262e21eb73eb39fbb2e7fda/","invalidateInfo":{"identifier":"DB_PDO_MYSQL_DDL_design_config_grid_flat_1"},"is_exception":false} []
[2017-07-16 01:29:56] main.DEBUG: cache_invalidate:  {"method":"POST","url":"http://localhost:8080/homemall/admin/theme/design_config/save/key/14d7f2eb9c8df909dfcc47a10a55423338d0d774d262e21eb73eb39fbb2e7fda/","invalidateInfo":{"identifier":"DB_PDO_MYSQL_DDL_design_config_grid_flat_2"},"is_exception":false} []
[2017-07-16 01:29:56] main.DEBUG: cache_invalidate:  {"method":"POST","url":"http://localhost:8080/homemall/admin/theme/design_config/save/key/14d7f2eb9c8df909dfcc47a10a55423338d0d774d262e21eb73eb39fbb2e7fda/","invalidateInfo":{"identifier":"DB_PDO_MYSQL_DDL_design_config_grid_flat_3"},"is_exception":false} []
[2017-07-16 01:29:56] main.DEBUG: cache_invalidate:  {"method":"POST","url":"http://localhost:8080/homemall/admin/theme/design_config/save/key/14d7f2eb9c8df909dfcc47a10a55423338d0d774d262e21eb73eb39fbb2e7fda/","invalidateInfo":{"identifier":"DB_PDO_MYSQL_DDL_design_config_grid_flat_4"},"is_exception":false} []
[2017-07-16 01:29:59] main.DEBUG: cache_invalidate:  {"method":"POST","url":"http://localhost:8080/homemall/admin/theme/design_config/save/key/14d7f2eb9c8df909dfcc47a10a55423338d0d774d262e21eb73eb39fbb2e7fda/","invalidateInfo":{"identifier":"DB_PDO_MYSQL_DDL_design_config_grid_flat_1"},"is_exception":false} []
[2017-07-16 01:29:59] main.DEBUG: cache_invalidate:  {"method":"POST","url":"http://localhost:8080/homemall/admin/theme/design_config/save/key/14d7f2eb9c8df909dfcc47a10a55423338d0d774d262e21eb73eb39fbb2e7fda/","invalidateInfo":{"identifier":"DB_PDO_MYSQL_DDL_design_config_grid_flat_2"},"is_exception":false} []
[2017-07-16 01:29:59] main.DEBUG: cache_invalidate:  {"method":"POST","url":"http://localhost:8080/homemall/admin/theme/design_config/save/key/14d7f2eb9c8df909dfcc47a10a55423338d0d774d262e21eb73eb39fbb2e7fda/","invalidateInfo":{"identifier":"DB_PDO_MYSQL_DDL_design_config_grid_flat_3"},"is_exception":false} []
[2017-07-16 01:29:59] main.DEBUG: cache_invalidate:  {"method":"POST","url":"http://localhost:8080/homemall/admin/theme/design_config/save/key/14d7f2eb9c8df909dfcc47a10a55423338d0d774d262e21eb73eb39fbb2e7fda/","invalidateInfo":{"identifier":"DB_PDO_MYSQL_DDL_design_config_grid_flat_4"},"is_exception":false} []
[2017-07-16 01:30:28] main.DEBUG: cache_invalidate:  {"method":"GET","url":"http://localhost:8080/homemall/admin/admin/cache/flushSystem/key/ecb3462add53d393ddb2753d1d12571506b2bf780ecec4a097746301d9f41800/","invalidateInfo":{"tags":[],"mode":"all"},"is_exception":false} []
[2017-07-16 01:30:28] main.DEBUG: cache_invalidate:  {"method":"GET","url":"http://localhost:8080/homemall/admin/admin/cache/flushSystem/key/ecb3462add53d393ddb2753d1d12571506b2bf780ecec4a097746301d9f41800/","invalidateInfo":{"tags":[],"mode":"all"},"is_exception":false} []
[2017-07-16 01:30:28] main.DEBUG: cache_invalidate:  {"method":"GET","url":"http://localhost:8080/homemall/admin/admin/cache/flushSystem/key/ecb3462add53d393ddb2753d1d12571506b2bf780ecec4a097746301d9f41800/","invalidateInfo":{"tags":["FPC"],"mode":"matchingTag"},"is_exception":false} []
[2017-07-16 01:30:31] main.DEBUG: cache_invalidate:  {"method":"GET","url":"http://localhost:8080/homemall/admin/admin/cache/index/key/ac541b8f21aa2c381ca57671a1401928a1ba492fa1ed5b080e774208b95373ba/","invalidateInfo":{"tags":["interception","CONFIG"],"mode":"matchingTag"},"is_exception":false} []
[2017-07-16 01:37:07] main.DEBUG: cache_invalidate:  {"method":"POST","url":"http://localhost:8080/homemall/admin/theme/design_config/save/key/14d7f2eb9c8df909dfcc47a10a55423338d0d774d262e21eb73eb39fbb2e7fda/","invalidateInfo":{"tags":["config_scopes","CONFIG"],"mode":"matchingTag"},"is_exception":false} []
[2017-07-16 01:37:08] main.DEBUG: cache_invalidate:  {"method":"POST","url":"http://localhost:8080/homemall/admin/theme/design_config/save/key/14d7f2eb9c8df909dfcc47a10a55423338d0d774d262e21eb73eb39fbb2e7fda/","invalidateInfo":{"tags":["config_scopes","CONFIG"],"mode":"matchingTag"},"is_exception":false} []
[2017-07-16 01:37:09] main.DEBUG: cache_invalidate:  {"method":"POST","url":"http://localhost:8080/homemall/admin/theme/design_config/save/key/14d7f2eb9c8df909dfcc47a10a55423338d0d774d262e21eb73eb39fbb2e7fda/","invalidateInfo":{"identifier":"DB_PDO_MYSQL_DDL_design_config_grid_flat_1"},"is_exception":false} []
[2017-07-16 01:37:09] main.DEBUG: cache_invalidate:  {"method":"POST","url":"http://localhost:8080/homemall/admin/theme/design_config/save/key/14d7f2eb9c8df909dfcc47a10a55423338d0d774d262e21eb73eb39fbb2e7fda/","invalidateInfo":{"identifier":"DB_PDO_MYSQL_DDL_design_config_grid_flat_2"},"is_exception":false} []
[2017-07-16 01:37:09] main.DEBUG: cache_invalidate:  {"method":"POST","url":"http://localhost:8080/homemall/admin/theme/design_config/save/key/14d7f2eb9c8df909dfcc47a10a55423338d0d774d262e21eb73eb39fbb2e7fda/","invalidateInfo":{"identifier":"DB_PDO_MYSQL_DDL_design_config_grid_flat_3"},"is_exception":false} []
[2017-07-16 01:37:09] main.DEBUG: cache_invalidate:  {"method":"POST","url":"http://localhost:8080/homemall/admin/theme/design_config/save/key/14d7f2eb9c8df909dfcc47a10a55423338d0d774d262e21eb73eb39fbb2e7fda/","invalidateInfo":{"identifier":"DB_PDO_MYSQL_DDL_design_config_grid_flat_4"},"is_exception":false} []
[2017-07-16 01:37:12] main.DEBUG: cache_invalidate:  {"method":"POST","url":"http://localhost:8080/homemall/admin/theme/design_config/save/key/14d7f2eb9c8df909dfcc47a10a55423338d0d774d262e21eb73eb39fbb2e7fda/","invalidateInfo":{"identifier":"DB_PDO_MYSQL_DDL_design_config_grid_flat_1"},"is_exception":false} []
[2017-07-16 01:37:12] main.DEBUG: cache_invalidate:  {"method":"POST","url":"http://localhost:8080/homemall/admin/theme/design_config/save/key/14d7f2eb9c8df909dfcc47a10a55423338d0d774d262e21eb73eb39fbb2e7fda/","invalidateInfo":{"identifier":"DB_PDO_MYSQL_DDL_design_config_grid_flat_2"},"is_exception":false} []
[2017-07-16 01:37:12] main.DEBUG: cache_invalidate:  {"method":"POST","url":"http://localhost:8080/homemall/admin/theme/design_config/save/key/14d7f2eb9c8df909dfcc47a10a55423338d0d774d262e21eb73eb39fbb2e7fda/","invalidateInfo":{"identifier":"DB_PDO_MYSQL_DDL_design_config_grid_flat_3"},"is_exception":false} []
[2017-07-16 01:37:12] main.DEBUG: cache_invalidate:  {"method":"POST","url":"http://localhost:8080/homemall/admin/theme/design_config/save/key/14d7f2eb9c8df909dfcc47a10a55423338d0d774d262e21eb73eb39fbb2e7fda/","invalidateInfo":{"identifier":"DB_PDO_MYSQL_DDL_design_config_grid_flat_4"},"is_exception":false} []
[2017-07-16 01:37:51] main.DEBUG: cache_invalidate:  {"method":"GET","url":"http://localhost:8080/homemall/admin/admin/cache/flushSystem/key/ecb3462add53d393ddb2753d1d12571506b2bf780ecec4a097746301d9f41800/","invalidateInfo":{"tags":[],"mode":"all"},"is_exception":false} []
[2017-07-16 01:37:51] main.DEBUG: cache_invalidate:  {"method":"GET","url":"http://localhost:8080/homemall/admin/admin/cache/flushSystem/key/ecb3462add53d393ddb2753d1d12571506b2bf780ecec4a097746301d9f41800/","invalidateInfo":{"tags":[],"mode":"all"},"is_exception":false} []
[2017-07-16 01:37:51] main.DEBUG: cache_invalidate:  {"method":"GET","url":"http://localhost:8080/homemall/admin/admin/cache/flushSystem/key/ecb3462add53d393ddb2753d1d12571506b2bf780ecec4a097746301d9f41800/","invalidateInfo":{"tags":["FPC"],"mode":"matchingTag"},"is_exception":false} []
[2017-07-16 01:37:54] main.DEBUG: cache_invalidate:  {"method":"GET","url":"http://localhost:8080/homemall/admin/admin/cache/index/key/ac541b8f21aa2c381ca57671a1401928a1ba492fa1ed5b080e774208b95373ba/","invalidateInfo":{"tags":["interception","CONFIG"],"mode":"matchingTag"},"is_exception":false} []
[2017-07-16 01:54:31] main.DEBUG: cache_invalidate:  {"method":"GET","url":"http://localhost:8080/homemall/admin/admin/cache/flushSystem/key/ecb3462add53d393ddb2753d1d12571506b2bf780ecec4a097746301d9f41800/","invalidateInfo":{"tags":[],"mode":"all"},"is_exception":false} []
[2017-07-16 01:54:31] main.DEBUG: cache_invalidate:  {"method":"GET","url":"http://localhost:8080/homemall/admin/admin/cache/flushSystem/key/ecb3462add53d393ddb2753d1d12571506b2bf780ecec4a097746301d9f41800/","invalidateInfo":{"tags":[],"mode":"all"},"is_exception":false} []
[2017-07-16 01:54:31] main.DEBUG: cache_invalidate:  {"method":"GET","url":"http://localhost:8080/homemall/admin/admin/cache/flushSystem/key/ecb3462add53d393ddb2753d1d12571506b2bf780ecec4a097746301d9f41800/","invalidateInfo":{"tags":["FPC"],"mode":"matchingTag"},"is_exception":false} []
[2017-07-16 01:54:34] main.DEBUG: cache_invalidate:  {"method":"GET","url":"http://localhost:8080/homemall/admin/admin/cache/index/key/ac541b8f21aa2c381ca57671a1401928a1ba492fa1ed5b080e774208b95373ba/","invalidateInfo":{"tags":["interception","CONFIG"],"mode":"matchingTag"},"is_exception":false} []
[2017-07-17 17:27:28] main.DEBUG: cache_invalidate:  {"method":"POST","url":"http://localhost:8080/homemall/admin/admin/index/index/key/416bb25d6d509c5dcbefc7cf173025f52b654bc943640a4936f0511ae946ea5f/","invalidateInfo":{"tags":["BACKEND_MAINMENU"],"mode":"matchingAnyTag"},"is_exception":false} []
[2017-07-17 18:29:42] main.DEBUG: cache_invalidate:  {"method":"POST","url":"http://localhost:8080/homemall/admin/admin/index/index/key/e9fab127b2ab8dff2be5aac75e86e5f091031c8b049cacd238f49b4c6f4cacb0/","invalidateInfo":{"tags":["BACKEND_MAINMENU"],"mode":"matchingAnyTag"},"is_exception":false} []
[2017-07-17 18:31:29] main.DEBUG: cache_invalidate:  {"method":"POST","url":"http://localhost:8080/homemall/admin/admin/system_config/save/section/dev/key/d20c151e835a92313073cb4aea2d7bb34a947676ee7d39a08f7c588b788f23f3/","invalidateInfo":{"tags":["config_scopes","CONFIG"],"mode":"matchingTag"},"is_exception":false} []
[2017-07-17 18:31:29] main.DEBUG: cache_invalidate:  {"method":"POST","url":"http://localhost:8080/homemall/admin/admin/system_config/save/section/dev/key/d20c151e835a92313073cb4aea2d7bb34a947676ee7d39a08f7c588b788f23f3/","invalidateInfo":{"tags":["config_scopes","CONFIG"],"mode":"matchingTag"},"is_exception":false} []
[2017-07-17 18:32:47] main.DEBUG: cache_invalidate:  {"method":"GET","url":"http://localhost:8080/homemall/admin/admin/cache/flushSystem/key/46dc4f5c8c0c9ae37a701624f22c3c51c4612e356d7dc90660e429b474a716e6/","invalidateInfo":{"tags":[],"mode":"all"},"is_exception":false} []
[2017-07-17 18:32:47] main.DEBUG: cache_invalidate:  {"method":"GET","url":"http://localhost:8080/homemall/admin/admin/cache/flushSystem/key/46dc4f5c8c0c9ae37a701624f22c3c51c4612e356d7dc90660e429b474a716e6/","invalidateInfo":{"tags":[],"mode":"all"},"is_exception":false} []
[2017-07-17 18:32:47] main.DEBUG: cache_invalidate:  {"method":"GET","url":"http://localhost:8080/homemall/admin/admin/cache/flushSystem/key/46dc4f5c8c0c9ae37a701624f22c3c51c4612e356d7dc90660e429b474a716e6/","invalidateInfo":{"tags":["FPC"],"mode":"matchingTag"},"is_exception":false} []
[2017-07-17 18:32:50] main.DEBUG: cache_invalidate:  {"method":"GET","url":"http://localhost:8080/homemall/admin/admin/cache/index/key/f09897441811a223da084c7265cb6875cdf7351fe11c61cc52bfc885f0bb7109/","invalidateInfo":{"tags":["interception","CONFIG"],"mode":"matchingTag"},"is_exception":false} []
[2017-07-17 19:00:17] main.DEBUG: cache_invalidate:  {"method":"POST","url":"http://localhost:8080/homemall/admin/cms/page/save/key/1ce639f787f4a1068db8e649dd46c5b25bd3c5da7a48e87f3202b695621922be/","invalidateInfo":{"tags":["cms_page"],"mode":"matchingAnyTag"},"is_exception":false} []
[2017-07-17 19:00:17] main.DEBUG: cache_invalidate:  {"method":"POST","url":"http://localhost:8080/homemall/admin/cms/page/save/key/1ce639f787f4a1068db8e649dd46c5b25bd3c5da7a48e87f3202b695621922be/","invalidateInfo":{"tags":["cms_page_2","FPC"],"mode":"matchingTag"},"is_exception":false} []
[2017-07-17 19:00:17] main.DEBUG: cache_invalidate:  {"method":"POST","url":"http://localhost:8080/homemall/admin/cms/page/save/key/1ce639f787f4a1068db8e649dd46c5b25bd3c5da7a48e87f3202b695621922be/","invalidateInfo":{"tags":["cms_page_2","FPC"],"mode":"matchingTag"},"is_exception":false} []
[2017-07-17 19:00:17] main.DEBUG: cache_invalidate:  {"method":"POST","url":"http://localhost:8080/homemall/admin/cms/page/save/key/1ce639f787f4a1068db8e649dd46c5b25bd3c5da7a48e87f3202b695621922be/","invalidateInfo":{"tags":["cms_page_2"],"mode":"matchingTag"},"is_exception":false} []
[2017-07-17 19:00:17] main.DEBUG: cache_invalidate:  {"method":"POST","url":"http://localhost:8080/homemall/admin/cms/page/save/key/1ce639f787f4a1068db8e649dd46c5b25bd3c5da7a48e87f3202b695621922be/","invalidateInfo":{"tags":["cms_page_2"],"mode":"matchingTag"},"is_exception":false} []
[2017-07-17 19:15:31] main.DEBUG: cache_invalidate:  {"method":"POST","url":"http://localhost:8080/homemall/admin/admin/system_store/save/key/b375011cf961da5561ee4bdcc3050fdbef7dfc7ad7480c055ca9000dc7c9907d/","invalidateInfo":{"tags":[],"mode":"all"},"is_exception":false} []
[2017-07-17 19:15:31] main.DEBUG: cache_invalidate:  {"method":"POST","url":"http://localhost:8080/homemall/admin/admin/system_store/save/key/b375011cf961da5561ee4bdcc3050fdbef7dfc7ad7480c055ca9000dc7c9907d/","invalidateInfo":{"tags":[],"mode":"all"},"is_exception":false} []
[2017-07-17 19:15:31] main.DEBUG: cache_invalidate:  {"method":"POST","url":"http://localhost:8080/homemall/admin/admin/system_store/save/key/b375011cf961da5561ee4bdcc3050fdbef7dfc7ad7480c055ca9000dc7c9907d/","invalidateInfo":{"tags":["website","FPC"],"mode":"matchingTag"},"is_exception":false} []
[2017-07-17 19:15:31] main.DEBUG: cache_invalidate:  {"method":"POST","url":"http://localhost:8080/homemall/admin/admin/system_store/save/key/b375011cf961da5561ee4bdcc3050fdbef7dfc7ad7480c055ca9000dc7c9907d/","invalidateInfo":{"tags":["website","FPC"],"mode":"matchingTag"},"is_exception":false} []
[2017-07-17 19:15:31] main.DEBUG: cache_invalidate:  {"method":"POST","url":"http://localhost:8080/homemall/admin/admin/system_store/save/key/b375011cf961da5561ee4bdcc3050fdbef7dfc7ad7480c055ca9000dc7c9907d/","invalidateInfo":{"tags":["website"],"mode":"matchingTag"},"is_exception":false} []
[2017-07-17 19:15:31] main.DEBUG: cache_invalidate:  {"method":"POST","url":"http://localhost:8080/homemall/admin/admin/system_store/save/key/b375011cf961da5561ee4bdcc3050fdbef7dfc7ad7480c055ca9000dc7c9907d/","invalidateInfo":{"tags":["website"],"mode":"matchingTag"},"is_exception":false} []
[2017-07-17 19:15:34] main.DEBUG: cache_invalidate:  {"method":"GET","url":"http://localhost:8080/homemall/admin/admin/system_store/index/key/38d6d82aa336fbcc2a06c5bf3e5db52393b239f23ae1b3534359aa7d63687c55/","invalidateInfo":{"tags":["interception","CONFIG"],"mode":"matchingTag"},"is_exception":false} []
[2017-07-17 19:21:41] main.DEBUG: cache_invalidate:  {"method":"POST","url":"http://localhost:8080/homemall/admin/admin/system_config/save/section/dev/key/d20c151e835a92313073cb4aea2d7bb34a947676ee7d39a08f7c588b788f23f3/","invalidateInfo":{"tags":["config_scopes","CONFIG"],"mode":"matchingTag"},"is_exception":false} []
[2017-07-17 19:21:41] main.DEBUG: cache_invalidate:  {"method":"POST","url":"http://localhost:8080/homemall/admin/admin/system_config/save/section/dev/key/d20c151e835a92313073cb4aea2d7bb34a947676ee7d39a08f7c588b788f23f3/","invalidateInfo":{"tags":["config_scopes","CONFIG"],"mode":"matchingTag"},"is_exception":false} []
[2017-07-17 19:25:57] main.DEBUG: cache_invalidate:  {"method":"GET","url":"http://localhost:8080/homemall/admin/admin/cache/flushSystem/key/46dc4f5c8c0c9ae37a701624f22c3c51c4612e356d7dc90660e429b474a716e6/","invalidateInfo":{"tags":[],"mode":"all"},"is_exception":false} []
[2017-07-17 19:25:57] main.DEBUG: cache_invalidate:  {"method":"GET","url":"http://localhost:8080/homemall/admin/admin/cache/flushSystem/key/46dc4f5c8c0c9ae37a701624f22c3c51c4612e356d7dc90660e429b474a716e6/","invalidateInfo":{"tags":[],"mode":"all"},"is_exception":false} []
[2017-07-17 19:25:57] main.DEBUG: cache_invalidate:  {"method":"GET","url":"http://localhost:8080/homemall/admin/admin/cache/flushSystem/key/46dc4f5c8c0c9ae37a701624f22c3c51c4612e356d7dc90660e429b474a716e6/","invalidateInfo":{"tags":["FPC"],"mode":"matchingTag"},"is_exception":false} []
[2017-07-17 19:25:59] main.DEBUG: cache_invalidate:  {"method":"GET","url":"http://localhost:8080/homemall/admin/admin/cache/index/key/f09897441811a223da084c7265cb6875cdf7351fe11c61cc52bfc885f0bb7109/","invalidateInfo":{"tags":["interception","CONFIG"],"mode":"matchingTag"},"is_exception":false} []
[2017-07-18 03:38:34] main.DEBUG: cache_invalidate:  {"method":"POST","url":"http://localhost:8080/homemall/admin/admin/index/index/key/04c5c41c98804a4e98184ae6d09b895d994ca3b401de8c8f5e62c02b797c705e/","invalidateInfo":{"tags":["BACKEND_MAINMENU"],"mode":"matchingAnyTag"},"is_exception":false} []
[2017-07-18 04:07:58] main.DEBUG: cache_invalidate:  {"method":"POST","url":"http://localhost:8080/homemall/admin/admin/index/index/key/b5c870cecca5605a55c5bba8870268a5d81aacc86da9de3763e3777acef5db79/","invalidateInfo":{"tags":["BACKEND_MAINMENU"],"mode":"matchingAnyTag"},"is_exception":false} []
[2017-07-18 04:08:18] main.DEBUG: cache_invalidate:  {"method":"GET","url":"http://localhost:8080/homemall/admin/admin/cache/flushSystem/key/b646d7f8236ee404d2cc45540242aca28c0fa5ae9eab399820f82f5228069bf1/","invalidateInfo":{"tags":[],"mode":"all"},"is_exception":false} []
[2017-07-18 04:08:18] main.DEBUG: cache_invalidate:  {"method":"GET","url":"http://localhost:8080/homemall/admin/admin/cache/flushSystem/key/b646d7f8236ee404d2cc45540242aca28c0fa5ae9eab399820f82f5228069bf1/","invalidateInfo":{"tags":[],"mode":"all"},"is_exception":false} []
[2017-07-18 04:08:18] main.DEBUG: cache_invalidate:  {"method":"GET","url":"http://localhost:8080/homemall/admin/admin/cache/flushSystem/key/b646d7f8236ee404d2cc45540242aca28c0fa5ae9eab399820f82f5228069bf1/","invalidateInfo":{"tags":["FPC"],"mode":"matchingTag"},"is_exception":false} []
[2017-07-18 04:08:22] main.DEBUG: cache_invalidate:  {"method":"GET","url":"http://localhost:8080/homemall/admin/admin/cache/index/key/7f03faf5caac90e70a6bfc9ef46aec4d984b6cbc067c46130c5a16149b620f18/","invalidateInfo":{"tags":["interception","CONFIG"],"mode":"matchingTag"},"is_exception":false} []
[2017-07-18 04:08:30] main.DEBUG: cache_invalidate:  {"method":"GET","url":"http://localhost:8080/homemall/","invalidateInfo":{"tags":["interception","CONFIG"],"mode":"matchingTag"},"is_exception":false} []
